[1/10] cl /c /Zp8 /GR /W3 /EHs /nologo /MD /D_CRT_SECURE_NO_DEPRECATE /D_SCL_SECURE_NO_DEPRECATE /D_SECURE_SCL=0   /DMATLAB_MEX_FILE  /DMATLAB_MEX_FILE /O2 /Oy- /DNDEBUG /fp:strict /I "." /I "D:\Anup\Post Doc\Soft Robotics Toolbox\SoRoSim V5\Basic functions" /I ".\interface" /I "C:\Program Files\MATLAB\R2020a\extern\include" /I "." -DMODEL=variable_expmap_gTgTgd_mex   variable_expmap_gTgTgd_data.c /Fobuild\win64\variable_expmap_gTgTgd_data.obj
variable_expmap_gTgTgd_data.c
[2/10] cl /c /Zp8 /GR /W3 /EHs /nologo /MD /D_CRT_SECURE_NO_DEPRECATE /D_SCL_SECURE_NO_DEPRECATE /D_SECURE_SCL=0   /DMATLAB_MEX_FILE  /DMATLAB_MEX_FILE /O2 /Oy- /DNDEBUG /fp:strict /I "." /I "D:\Anup\Post Doc\Soft Robotics Toolbox\SoRoSim V5\Basic functions" /I ".\interface" /I "C:\Program Files\MATLAB\R2020a\extern\include" /I "." -DMODEL=variable_expmap_gTgTgd_mex   rt_nonfinite.c /Fobuild\win64\rt_nonfinite.obj
rt_nonfinite.c
[3/10] cl /c /Zp8 /GR /W3 /EHs /nologo /MD /D_CRT_SECURE_NO_DEPRECATE /D_SCL_SECURE_NO_DEPRECATE /D_SECURE_SCL=0   /DMATLAB_MEX_FILE  /DMATLAB_MEX_FILE /O2 /Oy- /DNDEBUG /fp:strict /I "." /I "D:\Anup\Post Doc\Soft Robotics Toolbox\SoRoSim V5\Basic functions" /I ".\interface" /I "C:\Program Files\MATLAB\R2020a\extern\include" /I "." -DMODEL=variable_expmap_gTgTgd_mex   interface\_coder_variable_expmap_gTgTgd_mex.c /Fobuild\win64\_coder_variable_expmap_gTgTgd_mex.obj
_coder_variable_expmap_gTgTgd_mex.c
[4/10] cl /c /Zp8 /GR /W3 /EHs /nologo /MD /D_CRT_SECURE_NO_DEPRECATE /D_SCL_SECURE_NO_DEPRECATE /D_SECURE_SCL=0   /DMATLAB_MEX_FILE  /DMATLAB_MEX_FILE /O2 /Oy- /DNDEBUG /fp:strict /I "." /I "D:\Anup\Post Doc\Soft Robotics Toolbox\SoRoSim V5\Basic functions" /I ".\interface" /I "C:\Program Files\MATLAB\R2020a\extern\include" /I "." -DMODEL=variable_expmap_gTgTgd_mex   variable_expmap_gTgTgd_initialize.c /Fobuild\win64\variable_expmap_gTgTgd_initialize.obj
variable_expmap_gTgTgd_initialize.c
[5/10] cl /c /Zp8 /GR /W3 /EHs /nologo /MD /D_CRT_SECURE_NO_DEPRECATE /D_SCL_SECURE_NO_DEPRECATE /D_SECURE_SCL=0   /DMATLAB_MEX_FILE  /DMATLAB_MEX_FILE /O2 /Oy- /DNDEBUG /fp:strict /I "." /I "D:\Anup\Post Doc\Soft Robotics Toolbox\SoRoSim V5\Basic functions" /I ".\interface" /I "C:\Program Files\MATLAB\R2020a\extern\include" /I "." -DMODEL=variable_expmap_gTgTgd_mex   "C:\Program Files\MATLAB\R2020a\extern\version\c_mexapi_version.c" /Fobuild\win64\c_mexapi_version.obj
c_mexapi_version.c
[6/10] cl /c /Zp8 /GR /W3 /EHs /nologo /MD /D_CRT_SECURE_NO_DEPRECATE /D_SCL_SECURE_NO_DEPRECATE /D_SECURE_SCL=0   /DMATLAB_MEX_FILE  /DMATLAB_MEX_FILE /O2 /Oy- /DNDEBUG /fp:strict /I "." /I "D:\Anup\Post Doc\Soft Robotics Toolbox\SoRoSim V5\Basic functions" /I ".\interface" /I "C:\Program Files\MATLAB\R2020a\extern\include" /I "." -DMODEL=variable_expmap_gTgTgd_mex   interface\_coder_variable_expmap_gTgTgd_api.c /Fobuild\win64\_coder_variable_expmap_gTgTgd_api.obj
_coder_variable_expmap_gTgTgd_api.c
[7/10] cl /c /Zp8 /GR /W3 /EHs /nologo /MD /D_CRT_SECURE_NO_DEPRECATE /D_SCL_SECURE_NO_DEPRECATE /D_SECURE_SCL=0   /DMATLAB_MEX_FILE  /DMATLAB_MEX_FILE /O2 /Oy- /DNDEBUG /fp:strict /I "." /I "D:\Anup\Post Doc\Soft Robotics Toolbox\SoRoSim V5\Basic functions" /I ".\interface" /I "C:\Program Files\MATLAB\R2020a\extern\include" /I "." -DMODEL=variable_expmap_gTgTgd_mex   interface\_coder_variable_expmap_gTgTgd_info.c /Fobuild\win64\_coder_variable_expmap_gTgTgd_info.obj
_coder_variable_expmap_gTgTgd_info.c
[8/10] cl /c /Zp8 /GR /W3 /EHs /nologo /MD /D_CRT_SECURE_NO_DEPRECATE /D_SCL_SECURE_NO_DEPRECATE /D_SECURE_SCL=0   /DMATLAB_MEX_FILE  /DMATLAB_MEX_FILE /O2 /Oy- /DNDEBUG /fp:strict /I "." /I "D:\Anup\Post Doc\Soft Robotics Toolbox\SoRoSim V5\Basic functions" /I ".\interface" /I "C:\Program Files\MATLAB\R2020a\extern\include" /I "." -DMODEL=variable_expmap_gTgTgd_mex   variable_expmap_gTgTgd_terminate.c /Fobuild\win64\variable_expmap_gTgTgd_terminate.obj
variable_expmap_gTgTgd_terminate.c
[9/10] cl /c /Zp8 /GR /W3 /EHs /nologo /MD /D_CRT_SECURE_NO_DEPRECATE /D_SCL_SECURE_NO_DEPRECATE /D_SECURE_SCL=0   /DMATLAB_MEX_FILE  /DMATLAB_MEX_FILE /O2 /Oy- /DNDEBUG /fp:strict /I "." /I "D:\Anup\Post Doc\Soft Robotics Toolbox\SoRoSim V5\Basic functions" /I ".\interface" /I "C:\Program Files\MATLAB\R2020a\extern\include" /I "." -DMODEL=variable_expmap_gTgTgd_mex   variable_expmap_gTgTgd.c /Fobuild\win64\variable_expmap_gTgTgd.obj
variable_expmap_gTgTgd.c
[10/10] link @variable_expmap_gTgTgd_mex.mexw64.rsp /nologo /manifest   /DLL /LIBPATH:"C:\Program Files\MATLAB\R2020a\extern\lib\win64\microsoft" libmx.lib libmex.lib libmat.lib kernel32.lib user32.lib gdi32.lib winspool.lib comdlg32.lib advapi32.lib shell32.lib ole32.lib oleaut32.lib uuid.lib odbc32.lib odbccp32.lib  /out:"variable_expmap_gTgTgd_mex.mexw64" libemlrt.lib libcovrt.lib libut.lib libmwmathutil.lib  /export:mexFunction /export:mexfilerequiredapiversion /export:emlrtMexFcnProperties /export:variable_expmap_gTgTgd_initialize /export:variable_expmap_gTgTgd_terminate /export:variable_expmap_gTgTgd_atexit /export:variable_expmap_gTgTgd
   Creating library variable_expmap_gTgTgd_mex.lib and object variable_expmap_gTgTgd_mex.exp
